<?xml version="1.0" encoding="UTF-8"?>
<!-- Generated by org.testng.reporters.JUnitReportReporter -->
<testsuite skipped="0" hostname="DESKTOP-ONH3S9L" name="learnTestNG.CreateLeadExplicitlyWait" tests="2" failures="0" timestamp="2020-11-01T23:48:15 CST" time="116.249" errors="0">
  <testcase name="editLead" time="32.777" classname="learnTestNG.CreateLeadExplicitlyWait"/>
  <testcase name="createLead" time="83.472" classname="learnTestNG.CreateLeadExplicitlyWait"/>
</testsuite> <!-- learnTestNG.CreateLeadExplicitlyWait -->
