<?xml version="1.0" encoding="UTF-8"?>
<!-- Generated by org.testng.reporters.JUnitReportReporter -->
<testsuite skipped="0" hostname="DESKTOP-ONH3S9L" name="learnTestNG.LearnFrame" tests="1" failures="0" timestamp="2020-07-22T16:40:03 CDT" time="16.130" errors="0">
  <testcase name="learnFrame" time="16.130" classname="learnTestNG.LearnFrame"/>
</testsuite> <!-- learnTestNG.LearnFrame -->
