<?xml version="1.0" encoding="UTF-8"?>
<!-- Generated by org.testng.reporters.JUnitReportReporter -->
<testsuite skipped="0" hostname="DESKTOP-ONH3S9L" name="seleniumDemo.BrowserTest" tests="1" failures="0" timestamp="2020-09-15T19:02:13 CDT" time="17.586" errors="0">
  <testcase name="browserTest" time="17.586" classname="seleniumDemo.BrowserTest"/>
</testsuite> <!-- seleniumDemo.BrowserTest -->
