<?xml version="1.0" encoding="UTF-8"?>
<!-- Generated by org.testng.reporters.JUnitReportReporter -->
<testsuite skipped="0" hostname="DESKTOP-ONH3S9L" name="miscellaneousTopic.ByCssSelector" tests="1" failures="0" timestamp="2020-10-04T18:23:38 CDT" time="22.619" errors="0">
  <testcase name="cssSelector" time="22.619" classname="miscellaneousTopic.ByCssSelector"/>
</testsuite> <!-- miscellaneousTopic.ByCssSelector -->
