<?xml version="1.0" encoding="UTF-8"?>
<!-- Generated by org.testng.reporters.JUnitReportReporter -->
<testsuite skipped="0" hostname="DESKTOP-ONH3S9L" name="learnTestNG.MergeLead" tests="1" failures="0" timestamp="2020-07-20T13:36:03 CDT" time="54.593" errors="0">
  <testcase name="mergeLead" time="54.593" classname="learnTestNG.MergeLead"/>
</testsuite> <!-- learnTestNG.MergeLead -->
