<?xml version="1.0" encoding="UTF-8"?>
<!-- Generated by org.testng.reporters.JUnitReportReporter -->
<testsuite skipped="0" hostname="DESKTOP-ONH3S9L" name="seleniumDemo.CreateLeadExplicitlyWait" tests="1" failures="0" timestamp="2020-09-30T23:02:30 CDT" time="35.807" errors="0">
  <testcase name="creatLead" time="35.807" classname="seleniumDemo.CreateLeadExplicitlyWait"/>
</testsuite> <!-- seleniumDemo.CreateLeadExplicitlyWait -->
