<?xml version="1.0" encoding="UTF-8"?>
<!-- Generated by org.testng.reporters.JUnitReportReporter -->
<testsuite skipped="0" hostname="DESKTOP-ONH3S9L" name="miscellaneousTopic.Assertion" tests="1" failures="0" timestamp="2020-11-06T21:57:07 CST" time="11.922" errors="0">
  <testcase name="assertEquals" time="11.922" classname="miscellaneousTopic.Assertion"/>
</testsuite> <!-- miscellaneousTopic.Assertion -->
