<?xml version="1.0" encoding="UTF-8"?>
<!-- Generated by org.testng.reporters.JUnitReportReporter -->
<testsuite skipped="0" hostname="DESKTOP-ONH3S9L" name="learnInterface.TC001_Login" tests="1" failures="0" timestamp="2020-08-17T00:57:31 CDT" time="55.473" errors="0">
  <testcase name="login" time="55.473" classname="learnInterface.TC001_Login"/>
</testsuite> <!-- learnInterface.TC001_Login -->
