<?xml version="1.0" encoding="UTF-8"?>
<!-- Generated by org.testng.reporters.JUnitReportReporter -->
<testsuite skipped="0" hostname="DESKTOP-ONH3S9L" name="seleniumDemo.Assertion" tests="1" failures="0" timestamp="2020-10-04T12:40:21 CDT" time="14.101" errors="0">
  <testcase name="assertEquals" time="14.101" classname="seleniumDemo.Assertion"/>
</testsuite> <!-- seleniumDemo.Assertion -->
