<?xml version="1.0" encoding="UTF-8"?>
<!-- Generated by org.testng.reporters.JUnitReportReporter -->
<testsuite skipped="0" hostname="DESKTOP-ONH3S9L" name="day1_DropDown.LearnPriority" tests="3" failures="0" timestamp="2020-09-27T22:45:16 CDT" time="0.039" errors="0">
  <testcase name="test3" time="0.022" classname="day1_DropDown.LearnPriority"/>
  <testcase name="test2" time="0.011" classname="day1_DropDown.LearnPriority"/>
  <testcase name="test1" time="0.006" classname="day1_DropDown.LearnPriority"/>
</testsuite> <!-- day1_DropDown.LearnPriority -->
