<?xml version="1.0" encoding="UTF-8"?>
<!-- Generated by org.testng.reporters.JUnitReportReporter -->
<testsuite skipped="0" hostname="DESKTOP-ONH3S9L" name="learnTestNG.LearnAlerts" tests="1" failures="0" timestamp="2020-07-22T16:39:06 CDT" time="26.636" errors="0">
  <testcase name="learnAlerts" time="26.636" classname="learnTestNG.LearnAlerts"/>
</testsuite> <!-- learnTestNG.LearnAlerts -->
