<?xml version="1.0" encoding="UTF-8"?>
<!-- Generated by org.testng.reporters.JUnitReportReporter -->
<testsuite skipped="0" hostname="DESKTOP-ONH3S9L" name="webTable.LearnWebTable" tests="1" failures="0" timestamp="2020-09-29T16:38:16 CDT" time="12.032" errors="0">
  <testcase name="learnWebTable" time="12.032" classname="webTable.LearnWebTable"/>
</testsuite> <!-- webTable.LearnWebTable -->
