<?xml version="1.0" encoding="UTF-8"?>
<!-- Generated by org.testng.reporters.JUnitReportReporter -->
<testsuite skipped="0" hostname="DESKTOP-ONH3S9L" name="learnException.HandleExceptions" tests="1" failures="0" timestamp="2020-10-18T23:02:27 CDT" time="18.636" errors="0">
  <testcase name="handleExceptions" time="18.636" classname="learnException.HandleExceptions"/>
</testsuite> <!-- learnException.HandleExceptions -->
