<?xml version="1.0" encoding="UTF-8"?>
<!-- Generated by org.testng.reporters.JUnitReportReporter -->
<testsuite skipped="0" hostname="DESKTOP-ONH3S9L" name="seleniumDemo.BrowserTest" tests="1" failures="0" timestamp="2020-07-15T21:43:04 CDT" time="16.606" errors="0">
  <testcase name="browserTest" time="16.606" classname="seleniumDemo.BrowserTest"/>
</testsuite> <!-- seleniumDemo.BrowserTest -->
