<?xml version="1.0" encoding="UTF-8"?>
<!-- Generated by org.testng.reporters.JUnitReportReporter -->
<testsuite skipped="0" hostname="DESKTOP-ONH3S9L" name="learnTestNG.EditLead" tests="1" failures="0" timestamp="2020-07-22T00:42:59 CDT" time="43.571" errors="0">
  <testcase name="editLead" time="43.571" classname="learnTestNG.EditLead"/>
</testsuite> <!-- learnTestNG.EditLead -->
