<?xml version="1.0" encoding="UTF-8"?>
<!-- Generated by org.testng.reporters.JUnitReportReporter -->
<testsuite skipped="0" hostname="DESKTOP-ONH3S9L" name="learnTestNG.TestNGAnnotations" tests="3" failures="0" timestamp="2020-07-21T23:05:05 CDT" time="0.021" errors="0">
  <testcase name="test2" time="0.004" classname="learnTestNG.TestNGAnnotations"/>
  <testcase name="test1" time="0.011" classname="learnTestNG.TestNGAnnotations"/>
  <testcase name="test3" time="0.006" classname="learnTestNG.TestNGAnnotations"/>
</testsuite> <!-- learnTestNG.TestNGAnnotations -->
