<?xml version="1.0" encoding="UTF-8"?>
<!-- Generated by org.testng.reporters.JUnitReportReporter -->
<testsuite skipped="0" hostname="DESKTOP-ONH3S9L" name="day1.LearnPriority" tests="3" failures="0" timestamp="2020-08-15T11:56:54 CDT" time="0.045" errors="0">
  <testcase name="test3" time="0.031" classname="day1.LearnPriority"/>
  <testcase name="test2" time="0.011" classname="day1.LearnPriority"/>
  <testcase name="test1" time="0.003" classname="day1.LearnPriority"/>
</testsuite> <!-- day1.LearnPriority -->
