<?xml version="1.0" encoding="UTF-8"?>
<!-- Generated by org.testng.reporters.JUnitReportReporter -->
<testsuite skipped="0" hostname="DESKTOP-ONH3S9L" name="learnException.HandleExceptions" tests="1" failures="0" timestamp="2020-08-13T11:57:50 CDT" time="16.974" errors="0">
  <testcase name="handleExceptions" time="16.974" classname="learnException.HandleExceptions"/>
</testsuite> <!-- learnException.HandleExceptions -->
